<?xml version="1.0" encoding="UTF-8"?>
<!-- Generated by org.testng.reporters.JUnitReportReporter -->
<testsuite name="testCases.Validate_NewAccountOnQaServer" tests="3" time="189.719" ignored="0" failures="0" timestamp="14 Jul 2017 00:23:39 GMT" skipped="0" hostname="v2cloud-pc" errors="0">
  <testcase name="GrantUpgradedUserPermissons" time="4.848" classname="testCases.Validate_NewAccountOnQaServer"/>
  <testcase name="UpgradeToRealAccount" time="20.399" classname="testCases.Validate_NewAccountOnQaServer"/>
  <testcase name="NewClientRegistrationOnQaServer" time="164.472" classname="testCases.Validate_NewAccountOnQaServer"/>
</testsuite> <!-- testCases.Validate_NewAccountOnQaServer -->
