<?xml version="1.0" encoding="UTF-8"?>
<!-- Generated by org.testng.reporters.JUnitReportReporter -->
<testsuite name="testCases.Validate_NewAccount" tests="4" time="141.701" ignored="0" failures="0" timestamp="14 Jul 2017 00:56:01 GMT" skipped="0" hostname="v2cloud-pc" errors="0">
  <testcase name="SetServer" time="3.756" classname="testCases.Validate_NewAccount"/>
  <testcase name="NewClientRegistration" time="60.472" classname="testCases.Validate_NewAccount"/>
  <testcase name="Validate_EmailField" time="5.684" classname="testCases.Validate_NewAccount"/>
  <testcase name="Validate_VerificationInfo" time="71.789" classname="testCases.Validate_NewAccount"/>
</testsuite> <!-- testCases.Validate_NewAccount -->
