<?xml version="1.0" encoding="UTF-8"?>
<!-- Generated by org.testng.reporters.JUnitReportReporter -->
<testsuite name="testCases.Validate_LoginPage" tests="3" time="7.434" ignored="0" failures="0" timestamp="05 Jul 2017 01:12:17 GMT" skipped="0" hostname="v2cloud-pc" errors="0">
  <testcase name="A_Login" time="4.550" classname="testCases.Validate_LoginPage"/>
  <testcase name="B_Logout" time="1.169" classname="testCases.Validate_LoginPage"/>
  <testcase name="C_Login_IncorrectPassword" time="1.715" classname="testCases.Validate_LoginPage"/>
</testsuite> <!-- testCases.Validate_LoginPage -->
